#
# There is insufficient memory for the Java Runtime Environment to continue.
# Native memory allocation (malloc) failed to allocate 1037584 bytes for Chunk::new
# Possible reasons:
#   The system is out of physical RAM or swap space
#   In 32 bit mode, the process size limit was hit
# Possible solutions:
#   Reduce memory load on the system
#   Increase physical memory or swap space
#   Check if swap backing store is full
#   Use 64 bit Java on a 64 bit OS
#   Decrease Java heap size (-Xmx/-Xms)
#   Decrease number of Java threads
#   Decrease Java thread stack sizes (-Xss)
#   Set larger code cache with -XX:ReservedCodeCacheSize=
# This output file may be truncated or incomplete.
#
#  Out of Memory Error (allocation.cpp:390), pid=15856, tid=18448
#
# JRE version: Java(TM) SE Runtime Environment (8.0_66-b17) (build 1.8.0_66-b17)
# Java VM: Java HotSpot(TM) 64-Bit Server VM (25.66-b17 mixed mode windows-amd64 compressed oops)
# Failed to write core dump. Minidumps are not enabled by default on client versions of Windows
#

---------------  T H R E A D  ---------------

Current thread (0x000000001507c800):  JavaThread "C2 CompilerThread0" daemon [_thread_in_native, id=18448, stack(0x00000000165e0000,0x00000000166e0000)]

Stack: [0x00000000165e0000,0x00000000166e0000]
[error occurred during error reporting (printing stack bounds), id 0xc0000005]

Native frames: (J=compiled Java code, j=interpreted, Vv=VM code, C=native code)


Current CompileTask:
C2:  11638 1806   !   4       com.android.dx.cf.cst.ConstantPoolParser::parse0 (731 bytes)


---------------  P R O C E S S  ---------------

Java Threads: ( => current thread )
  0x0000000016afc000 JavaThread "pool-1-thread-4" [_thread_in_Java, id=18540, stack(0x0000000017ae0000,0x0000000017be0000)]
  0x0000000016afb800 JavaThread "pool-1-thread-3" [_thread_in_Java, id=19036, stack(0x00000000179e0000,0x0000000017ae0000)]
  0x0000000016afa800 JavaThread "pool-1-thread-2" [_thread_blocked, id=13712, stack(0x00000000178e0000,0x00000000179e0000)]
  0x0000000016b10000 JavaThread "pool-2-thread-1" [_thread_blocked, id=17552, stack(0x00000000177e0000,0x00000000178e0000)]
  0x0000000016a5a000 JavaThread "pool-1-thread-1" [_thread_blocked, id=13212, stack(0x00000000176e0000,0x00000000177e0000)]
  0x00000000150dd800 JavaThread "Service Thread" daemon [_thread_blocked, id=15316, stack(0x0000000016ce0000,0x0000000016de0000)]
  0x00000000167e8800 JavaThread "C1 CompilerThread2" daemon [_thread_blocked, id=5320, stack(0x0000000016be0000,0x0000000016ce0000)]
  0x000000001507f800 JavaThread "C2 CompilerThread1" daemon [_thread_in_native, id=19732, stack(0x00000000166e0000,0x00000000167e0000)]
=>0x000000001507c800 JavaThread "C2 CompilerThread0" daemon [_thread_in_native, id=18448, stack(0x00000000165e0000,0x00000000166e0000)]
  0x000000001507a800 JavaThread "Attach Listener" daemon [_thread_blocked, id=11232, stack(0x00000000164e0000,0x00000000165e0000)]
  0x0000000015079800 JavaThread "Signal Dispatcher" daemon [_thread_blocked, id=16996, stack(0x00000000163e0000,0x00000000164e0000)]
  0x00000000029a1000 JavaThread "Finalizer" daemon [_thread_blocked, id=10984, stack(0x00000000162e0000,0x00000000163e0000)]
  0x0000000015049000 JavaThread "Reference Handler" daemon [_thread_blocked, id=10992, stack(0x00000000161e0000,0x00000000162e0000)]
  0x00000000028b1000 JavaThread "main" [_thread_blocked, id=16552, stack(0x00000000027b0000,0x00000000028b0000)]

Other Threads:
  0x0000000015047800 VMThread [stack: 0x00000000160e0000,0x00000000161e0000] [id=8920]
  0x00000000167f1800 WatcherThread [stack: 0x0000000016de0000,0x0000000016ee0000] [id=2144]

VM state:not at safepoint (normal execution)

VM Mutex/Monitor currently owned by a thread: None

Heap:
 PSYoungGen      total 71680K, used 63225K [0x00000000eab00000, 0x00000000ef600000, 0x0000000100000000)
  eden space 66560K, 87% used [0x00000000eab00000,0x00000000ee3c0b08,0x00000000eec00000)
  from space 5120K, 99% used [0x00000000ef100000,0x00000000ef5fd968,0x00000000ef600000)
  to   space 5120K, 0% used [0x00000000eec00000,0x00000000eec00000,0x00000000ef100000)
 ParOldGen       total 87552K, used 5251K [0x00000000c0000000, 0x00000000c5580000, 0x00000000eab00000)
  object space 87552K, 5% used [0x00000000c0000000,0x00000000c0520c30,0x00000000c5580000)
 Metaspace       used 6291K, capacity 7152K, committed 7296K, reserved 1056768K
  class space    used 603K, capacity 616K, committed 640K, reserved 1048576K

Card table byte_map: [0x0000000011d70000,0x0000000011f80000] byte_map_base: 0x0000000011770000

Marking Bits: (ParMarkBitMap*) 0x0000000068cfa5b0
 Begin Bits: [0x00000000124e0000, 0x00000000134e0000)
 End Bits:   [0x00000000134e0000, 0x00000000144e0000)

Polling page: 0x00000000007a0000

CodeCache: size=245760Kb used=8395Kb max_used=8395Kb free=237364Kb
 bounds [0x00000000029b0000, 0x00000000031f0000, 0x00000000119b0000]
 total_blobs=2116 nmethods=1846 adapters=182
 compilation: enabled

Compilation events (10 events):
Event: 11.592 Thread 0x00000000167e8800 1875   !   3       java.util.zip.ZipFile::getInflater (56 bytes)
Event: 11.593 Thread 0x00000000167e8800 nmethod 1875 0x00000000031d5d90 code [0x00000000031d5f80, 0x00000000031d6b38]
Event: 11.593 Thread 0x00000000167e8800 1876       3       java.util.ArrayDeque::poll (5 bytes)
Event: 11.593 Thread 0x00000000167e8800 nmethod 1876 0x00000000031d59d0 code [0x00000000031d5b40, 0x00000000031d5ce8]
Event: 11.593 Thread 0x00000000167e8800 1877       3       java.util.zip.InflaterInputStream::<init> (79 bytes)
Event: 11.594 Thread 0x00000000167e8800 nmethod 1877 0x00000000031e8ad0 code [0x00000000031e8c80, 0x00000000031e9358]
Event: 11.594 Thread 0x00000000167e8800 1878   !   3       java.util.zip.Inflater::reset (69 bytes)
Event: 11.595 Thread 0x00000000167e8800 nmethod 1878 0x00000000031e9610 code [0x00000000031e97a0, 0x00000000031e9bf8]
Event: 11.598 Thread 0x00000000167e8800 1880       3       java.util.ArrayDeque::add (7 bytes)
Event: 11.598 Thread 0x00000000167e8800 nmethod 1880 0x00000000031ea150 code [0x00000000031ea2c0, 0x00000000031ea468]

GC Heap History (4 events):
Event: 3.218 GC heap before
{Heap before GC invocations=1 (full 0):
 PSYoungGen      total 38400K, used 33280K [0x00000000eab00000, 0x00000000ed580000, 0x0000000100000000)
  eden space 33280K, 100% used [0x00000000eab00000,0x00000000ecb80000,0x00000000ecb80000)
  from space 5120K, 0% used [0x00000000ed080000,0x00000000ed080000,0x00000000ed580000)
  to   space 5120K, 0% used [0x00000000ecb80000,0x00000000ecb80000,0x00000000ed080000)
 ParOldGen       total 87552K, used 0K [0x00000000c0000000, 0x00000000c5580000, 0x00000000eab00000)
  object space 87552K, 0% used [0x00000000c0000000,0x00000000c0000000,0x00000000c5580000)
 Metaspace       used 5982K, capacity 6896K, committed 7040K, reserved 1056768K
  class space    used 601K, capacity 616K, committed 640K, reserved 1048576K
Event: 3.352 GC heap after
Heap after GC invocations=1 (full 0):
 PSYoungGen      total 38400K, used 5114K [0x00000000eab00000, 0x00000000ef600000, 0x0000000100000000)
  eden space 33280K, 0% used [0x00000000eab00000,0x00000000eab00000,0x00000000ecb80000)
  from space 5120K, 99% used [0x00000000ecb80000,0x00000000ed07eac8,0x00000000ed080000)
  to   space 5120K, 0% used [0x00000000ef100000,0x00000000ef100000,0x00000000ef600000)
 ParOldGen       total 87552K, used 1325K [0x00000000c0000000, 0x00000000c5580000, 0x00000000eab00000)
  object space 87552K, 1% used [0x00000000c0000000,0x00000000c014b4d8,0x00000000c5580000)
 Metaspace       used 5982K, capacity 6896K, committed 7040K, reserved 1056768K
  class space    used 601K, capacity 616K, committed 640K, reserved 1048576K
}
Event: 6.228 GC heap before
{Heap before GC invocations=2 (full 0):
 PSYoungGen      total 38400K, used 38394K [0x00000000eab00000, 0x00000000ef600000, 0x0000000100000000)
  eden space 33280K, 100% used [0x00000000eab00000,0x00000000ecb80000,0x00000000ecb80000)
  from space 5120K, 99% used [0x00000000ecb80000,0x00000000ed07eac8,0x00000000ed080000)
  to   space 5120K, 0% used [0x00000000ef100000,0x00000000ef100000,0x00000000ef600000)
 ParOldGen       total 87552K, used 1325K [0x00000000c0000000, 0x00000000c5580000, 0x00000000eab00000)
  object space 87552K, 1% used [0x00000000c0000000,0x00000000c014b4d8,0x00000000c5580000)
 Metaspace       used 6126K, capacity 7024K, committed 7296K, reserved 1056768K
  class space    used 603K, capacity 616K, committed 640K, reserved 1048576K
Event: 6.457 GC heap after
Heap after GC invocations=2 (full 0):
 PSYoungGen      total 71680K, used 5110K [0x00000000eab00000, 0x00000000ef600000, 0x0000000100000000)
  eden space 66560K, 0% used [0x00000000eab00000,0x00000000eab00000,0x00000000eec00000)
  from space 5120K, 99% used [0x00000000ef100000,0x00000000ef5fd968,0x00000000ef600000)
  to   space 5120K, 0% used [0x00000000eec00000,0x00000000eec00000,0x00000000ef100000)
 ParOldGen       total 87552K, used 5251K [0x00000000c0000000, 0x00000000c5580000, 0x00000000eab00000)
  object space 87552K, 5% used [0x00000000c0000000,0x00000000c0520c30,0x00000000c5580000)
 Metaspace       used 6126K, capacity 7024K, committed 7296K, reserved 1056768K
  class space    used 603K, capacity 616K, committed 640K, reserved 1048576K
}

Deoptimization events (10 events):
Event: 10.610 Thread 0x0000000016afb800 Uncommon trap: reason=class_check action=maybe_recompile pc=0x00000000030e409c method=com.android.dx.cf.code.Ropper.processBlock(Lcom/android/dx/cf/code/ByteBlock;Lcom/android/dx/cf/code/Frame;[I)V @ 777
Event: 10.610 Thread 0x0000000016afb800 Uncommon trap: reason=class_check action=maybe_recompile pc=0x00000000030e409c method=com.android.dx.cf.code.Ropper.processBlock(Lcom/android/dx/cf/code/ByteBlock;Lcom/android/dx/cf/code/Frame;[I)V @ 777
Event: 10.612 Thread 0x0000000016afc000 Uncommon trap: reason=bimorphic action=maybe_recompile pc=0x000000000314c520 method=com.android.dx.cf.code.BytecodeArray.parseInstruction(ILcom/android/dx/cf/code/BytecodeArray$Visitor;)I @ 971
Event: 10.614 Thread 0x0000000016afc000 Uncommon trap: reason=bimorphic action=maybe_recompile pc=0x000000000314c520 method=com.android.dx.cf.code.BytecodeArray.parseInstruction(ILcom/android/dx/cf/code/BytecodeArray$Visitor;)I @ 971
Event: 10.617 Thread 0x0000000016afc000 Uncommon trap: reason=class_check action=maybe_recompile pc=0x00000000030e409c method=com.android.dx.cf.code.Ropper.processBlock(Lcom/android/dx/cf/code/ByteBlock;Lcom/android/dx/cf/code/Frame;[I)V @ 777
Event: 11.271 Thread 0x0000000016a5a000 Uncommon trap: reason=bimorphic action=maybe_recompile pc=0x00000000030cd8f4 method=com.android.dx.cf.code.Merger.mergeType(Lcom/android/dx/rop/type/TypeBearer;Lcom/android/dx/rop/type/TypeBearer;)Lcom/android/dx/rop/type/TypeBearer; @ 21
Event: 11.512 Thread 0x0000000016afb800 Uncommon trap: reason=bimorphic action=maybe_recompile pc=0x00000000030cd8f4 method=com.android.dx.cf.code.Merger.mergeType(Lcom/android/dx/rop/type/TypeBearer;Lcom/android/dx/rop/type/TypeBearer;)Lcom/android/dx/rop/type/TypeBearer; @ 21
Event: 11.515 Thread 0x0000000016afb800 Uncommon trap: reason=unstable_if action=reinterpret pc=0x0000000002facd0c method=com.android.dx.rop.code.LocalItem.compareHandlesNulls(Lcom/android/dx/rop/cst/CstString;Lcom/android/dx/rop/cst/CstString;)I @ 14
Event: 11.515 Thread 0x0000000016afb800 Uncommon trap: reason=unstable_if action=reinterpret pc=0x0000000002f08af8 method=com.android.dx.rop.code.LocalItem.compareHandlesNulls(Lcom/android/dx/rop/cst/CstString;Lcom/android/dx/rop/cst/CstString;)I @ 14
Event: 11.516 Thread 0x0000000016afb800 Uncommon trap: reason=unstable_if action=reinterpret pc=0x000000000318a1d8 method=com.android.dx.rop.code.LocalItem.compareHandlesNulls(Lcom/android/dx/rop/cst/CstString;Lcom/android/dx/rop/cst/CstString;)I @ 14

Internal exceptions (7 events):
Event: 0.068 Thread 0x00000000028b1000 Exception <a 'java/lang/NoSuchMethodError': Method sun.misc.Unsafe.defineClass(Ljava/lang/String;[BII)Ljava/lang/Class; name or signature does not match> (0x00000000eab0d5d0) thrown at [C:\re\workspace\8-2-build-windows-amd64-cygwin\jdk8u66\4988\hotspot\srÅy¥­Œ±?
Event: 0.069 Thread 0x00000000028b1000 Exception <a 'java/lang/NoSuchMethodError': Method sun.misc.Unsafe.prefetchRead(Ljava/lang/Object;J)V name or signature does not match> (0x00000000eab0d8b8) thrown at [C:\re\workspace\8-2-build-windows-amd64-cygwin\jdk8u66\4988\hotspot\src\share\vm\prims\jé
Våö@
Event: 4.240 Thread 0x0000000016afc000 Implicit null exception at 0x0000000002e0f5a2 to 0x0000000002e0f69a
Event: 4.351 Thread 0x0000000016a5a000 Implicit null exception at 0x0000000002cb48f2 to 0x0000000002cb6289
Event: 11.515 Thread 0x0000000016afb800 Implicit null exception at 0x0000000002fab2cb to 0x0000000002facccd
Event: 11.515 Thread 0x0000000016afb800 Implicit null exception at 0x0000000002f07744 to 0x0000000002f08ac1
Event: 11.516 Thread 0x0000000016afb800 Implicit null exception at 0x0000000003188a7f to 0x000000000318a175

Events (10 events):
Event: 11.512 Thread 0x0000000016afb800 DEOPT UNPACKING pc=0x00000000029f582a sp=0x0000000017adea30 mode 2
Event: 11.515 Thread 0x0000000016afb800 Uncommon trap: trap_request=0xffffff65 fr.pc=0x0000000002facd0c
Event: 11.515 Thread 0x0000000016afb800 DEOPT PACKING pc=0x0000000002facd0c sp=0x0000000017adeaf0
Event: 11.515 Thread 0x0000000016afb800 DEOPT UNPACKING pc=0x00000000029f582a sp=0x0000000017ade910 mode 2
Event: 11.515 Thread 0x0000000016afb800 Uncommon trap: trap_request=0xffffff65 fr.pc=0x0000000002f08af8
Event: 11.515 Thread 0x0000000016afb800 DEOPT PACKING pc=0x0000000002f08af8 sp=0x0000000017adea00
Event: 11.515 Thread 0x0000000016afb800 DEOPT UNPACKING pc=0x00000000029f582a sp=0x0000000017ade788 mode 2
Event: 11.516 Thread 0x0000000016afb800 Uncommon trap: trap_request=0xffffff65 fr.pc=0x000000000318a1d8
Event: 11.516 Thread 0x0000000016afb800 DEOPT PACKING pc=0x000000000318a1d8 sp=0x0000000017aded30
Event: 11.516 Thread 0x0000000016afb800 DEOPT UNPACKING pc=0x00000000029f582a sp=0x0000000017adeb10 mode 2


Dynamic libraries:
0x00007ff676280000 - 0x00007ff6762b7000 	C:\Program Files\Java\jdk1.8.0_66\bin\java.exe
0x00007ffb41e90000 - 0x00007ffb42051000 	C:\WINDOWS\SYSTEM32\ntdll.dll
0x00007ffb411d0000 - 0x00007ffb4127d000 	C:\WINDOWS\system32\KERNEL32.DLL
0x00007ffb3e600000 - 0x00007ffb3e7e8000 	C:\WINDOWS\system32\KERNELBASE.dll
0x00007ffb40ef0000 - 0x00007ffb40f97000 	C:\WINDOWS\system32\ADVAPI32.dll
0x00007ffb40fa0000 - 0x00007ffb4103d000 	C:\WINDOWS\system32\msvcrt.dll
0x00007ffb3f3c0000 - 0x00007ffb3f41b000 	C:\WINDOWS\system32\sechost.dll
0x00007ffb3f290000 - 0x00007ffb3f3ac000 	C:\WINDOWS\system32\RPCRT4.dll
0x00007ffb3f430000 - 0x00007ffb3f586000 	C:\WINDOWS\system32\USER32.dll
0x00007ffb41040000 - 0x00007ffb411c6000 	C:\WINDOWS\system32\GDI32.dll
0x00007ffb324e0000 - 0x00007ffb32754000 	C:\WINDOWS\WinSxS\amd64_microsoft.windows.common-controls_6595b64144ccf1df_6.0.10586.0_none_8c15ae12515e1c22\COMCTL32.dll
0x00007ffb41440000 - 0x00007ffb416bd000 	C:\WINDOWS\system32\combase.dll
0x00007ffb3e540000 - 0x00007ffb3e5aa000 	C:\WINDOWS\system32\bcryptPrimitives.dll
0x00007ffb41280000 - 0x00007ffb412bb000 	C:\WINDOWS\system32\IMM32.DLL
0x00007ffb23130000 - 0x00007ffb2365a000 	C:\Program Files\McAfee\DLP\Agent\fcagcbh64.dll
0x0000000001f70000 - 0x0000000001fc2000 	C:\WINDOWS\system32\SHLWAPI.dll
0x00007ffb41870000 - 0x00007ffb41878000 	C:\WINDOWS\system32\PSAPI.DLL
0x00007ffb41720000 - 0x00007ffb41863000 	C:\WINDOWS\system32\ole32.dll
0x00007ffb3d9a0000 - 0x00007ffb3d9d1000 	C:\WINDOWS\SYSTEM32\ntmarta.dll
0x00007ffb28b10000 - 0x00007ffb28bbc000 	C:\Program Files\McAfee\Endpoint Security\Threat Prevention\Ips\EpMPApi.dll
0x00007ffb3ef20000 - 0x00007ffb3ef75000 	C:\WINDOWS\system32\WINTRUST.dll
0x00007ffb3e4e0000 - 0x00007ffb3e4f0000 	C:\WINDOWS\system32\MSASN1.dll
0x00007ffb3ef80000 - 0x00007ffb3f147000 	C:\WINDOWS\system32\CRYPT32.dll
0x0000000069130000 - 0x000000006913b000 	C:\Program Files\McAfee\Endpoint Security\Threat Prevention\Ips\EpMPThe.dll
0x0000000068070000 - 0x0000000068142000 	C:\Program Files\Java\jdk1.8.0_66\jre\bin\msvcr100.dll
0x00000000684f0000 - 0x0000000068d79000 	C:\Program Files\Java\jdk1.8.0_66\jre\bin\server\jvm.dll
0x00007ffb295b0000 - 0x00007ffb295b9000 	C:\WINDOWS\SYSTEM32\WSOCK32.dll
0x00007ffb3f920000 - 0x00007ffb3f98b000 	C:\WINDOWS\system32\WS2_32.dll
0x00007ffb3ca30000 - 0x00007ffb3ca53000 	C:\WINDOWS\SYSTEM32\WINMM.dll
0x00007ffb30be0000 - 0x00007ffb30bea000 	C:\WINDOWS\SYSTEM32\VERSION.dll
0x00007ffb3ca00000 - 0x00007ffb3ca2c000 	C:\WINDOWS\SYSTEM32\WINMMBASE.dll
0x00007ffb3e5b0000 - 0x00007ffb3e5f3000 	C:\WINDOWS\system32\cfgmgr32.dll
0x00000000684e0000 - 0x00000000684ef000 	C:\Program Files\Java\jdk1.8.0_66\jre\bin\verify.dll
0x00000000684b0000 - 0x00000000684d9000 	C:\Program Files\Java\jdk1.8.0_66\jre\bin\java.dll
0x0000000068490000 - 0x00000000684a6000 	C:\Program Files\Java\jdk1.8.0_66\jre\bin\zip.dll
0x00007ffb3f990000 - 0x00007ffb40eec000 	C:\WINDOWS\system32\SHELL32.dll
0x00007ffb3e8d0000 - 0x00007ffb3ef15000 	C:\WINDOWS\system32\windows.storage.dll
0x00007ffb3e4b0000 - 0x00007ffb3e4bf000 	C:\WINDOWS\system32\kernel.appcore.dll
0x00000000025d0000 - 0x0000000002685000 	C:\WINDOWS\system32\shcore.dll
0x00007ffb3e4f0000 - 0x00007ffb3e53b000 	C:\WINDOWS\system32\powrprof.dll
0x00007ffb3e4c0000 - 0x00007ffb3e4d4000 	C:\WINDOWS\system32\profapi.dll

VM Arguments:
jvm_args: -Xmx1024M -Dfile.encoding=windows-1252 -Duser.country=US -Duser.language=en -Duser.variant 
java_command: com.android.dx.command.Main --dex --num-threads=4 --output C:\Users\oluwafemi.bamisaye\Documents\Android Projects\FitnessJournal\app\build\intermediates\pre-dexed\debug\classes-d414ad4719c442f51ac35df7f8cb30e68efcfbcc.jar C:\Users\oluwafemi.bamisaye\Documents\Android Projects\FitnessJournal\app\build\intermediates\exploded-aar\com.android.support\design\24.0.0-alpha1\jars\classes.jar
java_class_path (initial): C:\sdk\build-tools\23.0.3\lib\dx.jar
Launcher Type: SUN_STANDARD

Environment Variables:
PATH=C:\ProgramData\Oracle\Java\javapath;C:\Windows\system32;C:\Windows;C:\Windows\System32\Wbem;C:\Windows\System32\WindowsPowerShell\v1.0\;C:\adb;C:\Program Files\TortoiseSVN\bin;C:\Program Files (x86)\Windows Kits\8.1\Windows Performance Toolkit\;C:\Program Files\Microsoft SQL Server\110\Tools\Binn\;C:\Program Files (x86)\Skype\Phone\;C:\Program Files\Git\cmd;C:\WINDOWS\system32;C:\WINDOWS;C:\WINDOWS\System32\Wbem;C:\WINDOWS\System32\WindowsPowerShell\v1.0\;C:\Program Files (x86)\Microsoft SDKs\TypeScript\1.0\;C:\Program Files\Microsoft SQL Server\120\Tools\Binn\;C:\WINDOWS\system32\config\systemprofile\.dnx\bin;C:\Program Files\Microsoft DNX\Dnvm\
USERNAME=oluwafemi.bamisaye
OS=Windows_NT
PROCESSOR_IDENTIFIER=Intel64 Family 6 Model 60 Stepping 3, GenuineIntel



---------------  S Y S T E M  ---------------

OS: Windows 10.0 , 64 bit Build 10586 (10.0.10586.0)

CPU:total 4 (2 cores per cpu, 2 threads per core) family 6 model 60 stepping 3, cmov, cx8, fxsr, mmx, sse, sse2, sse3, ssse3, sse4.1, sse4.2, popcnt, avx, avx2, aes, clmul, erms, lzcnt, ht, tsc, tscinvbit, bmi1, bmi2

Memory: 4k page, physical 8291864k(465592k free), swap 16483864k(5360k free)

vm_info: Java HotSpot(TM) 64-Bit Server VM (25.66-b17) for windows-amd64 JRE (1.8.0_66-b17), built on Oct  6 2015 18:55:33 by "java_re" with MS VC++ 10.0 (VS2010)

time: Thu Apr 21 15:41:37 2016
elapsed time: 11 seconds (0d 0h 0m 11s)

