#
# There is insufficient memory for the Java Runtime Environment to continue.
# Native memory allocation (malloc) failed to allocate 32744 bytes for ChunkPool::allocate
# Possible reasons:
#   The system is out of physical RAM or swap space
#   In 32 bit mode, the process size limit was hit
# Possible solutions:
#   Reduce memory load on the system
#   Increase physical memory or swap space
#   Check if swap backing store is full
#   Use 64 bit Java on a 64 bit OS
#   Decrease Java heap size (-Xmx/-Xms)
#   Decrease number of Java threads
#   Decrease Java thread stack sizes (-Xss)
#   Set larger code cache with -XX:ReservedCodeCacheSize=
# This output file may be truncated or incomplete.
#
#  Out of Memory Error (allocation.cpp:273), pid=18356, tid=16560
#
# JRE version: Java(TM) SE Runtime Environment (8.0_66-b17) (build 1.8.0_66-b17)
# Java VM: Java HotSpot(TM) 64-Bit Server VM (25.66-b17 mixed mode windows-amd64 compressed oops)
# Failed to write core dump. Minidumps are not enabled by default on client versions of Windows
#

---------------  T H R E A D  ---------------

Current thread (0x0000000014e53800):  JavaThread "C1 CompilerThread2" daemon [_thread_in_vm, id=16560, stack(0x0000000016680000,0x0000000016780000)]

Stack: [0x0000000016680000,0x0000000016780000]
[error occurred during error reporting (printing stack bounds), id 0xc0000005]

Native frames: (J=compiled Java code, j=interpreted, Vv=VM code, C=native code)


Current CompileTask:
C1:  13194 2340       3       com.android.dx.dex.file.CodeItem::writeTo0 (489 bytes)


---------------  P R O C E S S  ---------------

Java Threads: ( => current thread )
  0x0000000014ead000 JavaThread "Service Thread" daemon [_thread_blocked, id=19524, stack(0x0000000016b80000,0x0000000016c80000)]
=>0x0000000014e53800 JavaThread "C1 CompilerThread2" daemon [_thread_in_vm, id=16560, stack(0x0000000016680000,0x0000000016780000)]
  0x0000000014e50800 JavaThread "C2 CompilerThread1" daemon [_thread_in_native_trans, id=18656, stack(0x0000000016580000,0x0000000016680000)]
  0x0000000014e4d000 JavaThread "C2 CompilerThread0" daemon [_thread_in_native, id=12908, stack(0x0000000016480000,0x0000000016580000)]
  0x0000000014e4b000 JavaThread "Attach Listener" daemon [_thread_blocked, id=18924, stack(0x0000000016380000,0x0000000016480000)]
  0x0000000014e4a000 JavaThread "Signal Dispatcher" daemon [_thread_blocked, id=2680, stack(0x0000000016280000,0x0000000016380000)]
  0x0000000014e19800 JavaThread "Finalizer" daemon [_thread_blocked, id=17464, stack(0x00000000160a0000,0x00000000161a0000)]
  0x0000000014e18800 JavaThread "Reference Handler" daemon [_thread_blocked, id=15128, stack(0x0000000015fa0000,0x00000000160a0000)]
  0x000000000277e000 JavaThread "main" [_thread_in_Java, id=3836, stack(0x0000000002470000,0x0000000002570000)]

Other Threads:
  0x0000000014e17000 VMThread [stack: 0x0000000015ea0000,0x0000000015fa0000] [id=17476]
  0x00000000167bd000 WatcherThread [stack: 0x0000000016c80000,0x0000000016d80000] [id=17208]

VM state:not at safepoint (normal execution)

VM Mutex/Monitor currently owned by a thread: None

Heap:
 PSYoungGen      total 71680K, used 26029K [0x00000000eab00000, 0x00000000ef600000, 0x0000000100000000)
  eden space 66560K, 31% used [0x00000000eab00000,0x00000000ebf713c8,0x00000000eec00000)
  from space 5120K, 99% used [0x00000000eec00000,0x00000000ef0fa040,0x00000000ef100000)
  to   space 5120K, 0% used [0x00000000ef100000,0x00000000ef100000,0x00000000ef600000)
 ParOldGen       total 87552K, used 15552K [0x00000000c0000000, 0x00000000c5580000, 0x00000000eab00000)
  object space 87552K, 17% used [0x00000000c0000000,0x00000000c0f30188,0x00000000c5580000)
 Metaspace       used 6693K, capacity 7512K, committed 7680K, reserved 1056768K
  class space    used 625K, capacity 656K, committed 768K, reserved 1048576K

Card table byte_map: [0x0000000011b40000,0x0000000011d50000] byte_map_base: 0x0000000011540000

Marking Bits: (ParMarkBitMap*) 0x0000000068cfa5b0
 Begin Bits: [0x00000000122b0000, 0x00000000132b0000)
 End Bits:   [0x00000000132b0000, 0x00000000142b0000)

Polling page: 0x0000000002430000

CodeCache: size=245760Kb used=9801Kb max_used=9801Kb free=235958Kb
 bounds [0x0000000002780000, 0x0000000003120000, 0x0000000011780000]
 total_blobs=2534 nmethods=2263 adapters=183
 compilation: enabled

Compilation events (10 events):
Event: 13.175 Thread 0x0000000014e53800 nmethod 2336 0x0000000003110a50 code [0x0000000003110ee0, 0x0000000003114018]
Event: 13.175 Thread 0x0000000014e53800 2335       3       com.android.dx.dex.code.form.Form22c::writeTo (45 bytes)
Event: 13.175 Thread 0x0000000014e53800 nmethod 2335 0x0000000003115950 code [0x0000000003115b60, 0x00000000031166e8]
Event: 13.175 Thread 0x0000000014e53800 2337       3       com.android.dx.dex.code.InsnFormat::codeUnit (89 bytes)
Event: 13.176 Thread 0x0000000014e53800 nmethod 2337 0x0000000003116b90 code [0x0000000003116d40, 0x0000000003117278]
Event: 13.176 Thread 0x0000000014e53800 2333       3       com.android.dx.dex.code.form.Form35c::explicitize (105 bytes)
Event: 13.178 Thread 0x0000000014e53800 nmethod 2333 0x0000000003117490 code [0x00000000031177a0, 0x0000000003119338]
Event: 13.188 Thread 0x0000000014e53800 2339       3       com.android.dx.dex.code.form.Form11x::writeTo (22 bytes)
Event: 13.189 Thread 0x0000000014e53800 nmethod 2339 0x000000000311a7d0 code [0x000000000311a980, 0x000000000311af88]
Event: 13.189 Thread 0x0000000014e53800 2340       3       com.android.dx.dex.file.CodeItem::writeTo0 (489 bytes)

GC Heap History (6 events):
Event: 3.360 GC heap before
{Heap before GC invocations=1 (full 0):
 PSYoungGen      total 38400K, used 33280K [0x00000000eab00000, 0x00000000ed580000, 0x0000000100000000)
  eden space 33280K, 100% used [0x00000000eab00000,0x00000000ecb80000,0x00000000ecb80000)
  from space 5120K, 0% used [0x00000000ed080000,0x00000000ed080000,0x00000000ed580000)
  to   space 5120K, 0% used [0x00000000ecb80000,0x00000000ecb80000,0x00000000ed080000)
 ParOldGen       total 87552K, used 0K [0x00000000c0000000, 0x00000000c5580000, 0x00000000eab00000)
  object space 87552K, 0% used [0x00000000c0000000,0x00000000c0000000,0x00000000c5580000)
 Metaspace       used 5999K, capacity 6960K, committed 7040K, reserved 1056768K
  class space    used 600K, capacity 616K, committed 640K, reserved 1048576K
Event: 3.594 GC heap after
Heap after GC invocations=1 (full 0):
 PSYoungGen      total 38400K, used 5092K [0x00000000eab00000, 0x00000000ef600000, 0x0000000100000000)
  eden space 33280K, 0% used [0x00000000eab00000,0x00000000eab00000,0x00000000ecb80000)
  from space 5120K, 99% used [0x00000000ecb80000,0x00000000ed079188,0x00000000ed080000)
  to   space 5120K, 0% used [0x00000000ef100000,0x00000000ef100000,0x00000000ef600000)
 ParOldGen       total 87552K, used 1253K [0x00000000c0000000, 0x00000000c5580000, 0x00000000eab00000)
  object space 87552K, 1% used [0x00000000c0000000,0x00000000c0139730,0x00000000c5580000)
 Metaspace       used 5999K, capacity 6960K, committed 7040K, reserved 1056768K
  class space    used 600K, capacity 616K, committed 640K, reserved 1048576K
}
Event: 5.356 GC heap before
{Heap before GC invocations=2 (full 0):
 PSYoungGen      total 38400K, used 38372K [0x00000000eab00000, 0x00000000ef600000, 0x0000000100000000)
  eden space 33280K, 100% used [0x00000000eab00000,0x00000000ecb80000,0x00000000ecb80000)
  from space 5120K, 99% used [0x00000000ecb80000,0x00000000ed079188,0x00000000ed080000)
  to   space 5120K, 0% used [0x00000000ef100000,0x00000000ef100000,0x00000000ef600000)
 ParOldGen       total 87552K, used 1253K [0x00000000c0000000, 0x00000000c5580000, 0x00000000eab00000)
  object space 87552K, 1% used [0x00000000c0000000,0x00000000c0139730,0x00000000c5580000)
 Metaspace       used 6160K, capacity 7088K, committed 7296K, reserved 1056768K
  class space    used 602K, capacity 616K, committed 640K, reserved 1048576K
Event: 5.382 GC heap after
Heap after GC invocations=2 (full 0):
 PSYoungGen      total 71680K, used 5097K [0x00000000eab00000, 0x00000000ef600000, 0x0000000100000000)
  eden space 66560K, 0% used [0x00000000eab00000,0x00000000eab00000,0x00000000eec00000)
  from space 5120K, 99% used [0x00000000ef100000,0x00000000ef5fa7b8,0x00000000ef600000)
  to   space 5120K, 0% used [0x00000000eec00000,0x00000000eec00000,0x00000000ef100000)
 ParOldGen       total 87552K, used 5856K [0x00000000c0000000, 0x00000000c5580000, 0x00000000eab00000)
  object space 87552K, 6% used [0x00000000c0000000,0x00000000c05b8250,0x00000000c5580000)
 Metaspace       used 6160K, capacity 7088K, committed 7296K, reserved 1056768K
  class space    used 602K, capacity 616K, committed 640K, reserved 1048576K
}
Event: 8.804 GC heap before
{Heap before GC invocations=3 (full 0):
 PSYoungGen      total 71680K, used 71657K [0x00000000eab00000, 0x00000000ef600000, 0x0000000100000000)
  eden space 66560K, 100% used [0x00000000eab00000,0x00000000eec00000,0x00000000eec00000)
  from space 5120K, 99% used [0x00000000ef100000,0x00000000ef5fa7b8,0x00000000ef600000)
  to   space 5120K, 0% used [0x00000000eec00000,0x00000000eec00000,0x00000000ef100000)
 ParOldGen       total 87552K, used 5856K [0x00000000c0000000, 0x00000000c5580000, 0x00000000eab00000)
  object space 87552K, 6% used [0x00000000c0000000,0x00000000c05b8250,0x00000000c5580000)
 Metaspace       used 6244K, capacity 7088K, committed 7296K, reserved 1056768K
  class space    used 603K, capacity 616K, committed 640K, reserved 1048576K
Event: 8.836 GC heap after
Heap after GC invocations=3 (full 0):
 PSYoungGen      total 71680K, used 5096K [0x00000000eab00000, 0x00000000ef600000, 0x0000000100000000)
  eden space 66560K, 0% used [0x00000000eab00000,0x00000000eab00000,0x00000000eec00000)
  from space 5120K, 99% used [0x00000000eec00000,0x00000000ef0fa040,0x00000000ef100000)
  to   space 5120K, 0% used [0x00000000ef100000,0x00000000ef100000,0x00000000ef600000)
 ParOldGen       total 87552K, used 15552K [0x00000000c0000000, 0x00000000c5580000, 0x00000000eab00000)
  object space 87552K, 17% used [0x00000000c0000000,0x00000000c0f30188,0x00000000c5580000)
 Metaspace       used 6244K, capacity 7088K, committed 7296K, reserved 1056768K
  class space    used 603K, capacity 616K, committed 640K, reserved 1048576K
}

Deoptimization events (10 events):
Event: 11.643 Thread 0x000000000277e000 Uncommon trap: reason=speculate_class_check action=maybe_recompile pc=0x0000000002b45288 method=com.android.dx.util.FixedSizeList.equals(Ljava/lang/Object;)Z @ 25
Event: 11.643 Thread 0x000000000277e000 Uncommon trap: reason=class_check action=maybe_recompile pc=0x0000000002b418e8 method=java.util.Arrays.equals([Ljava/lang/Object;[Ljava/lang/Object;)Z @ 62
Event: 11.643 Thread 0x000000000277e000 Uncommon trap: reason=speculate_class_check action=maybe_recompile pc=0x0000000002b45288 method=com.android.dx.util.FixedSizeList.equals(Ljava/lang/Object;)Z @ 25
Event: 11.643 Thread 0x000000000277e000 Uncommon trap: reason=unstable_if action=reinterpret pc=0x0000000002b41920 method=java.util.Arrays.equals([Ljava/lang/Object;[Ljava/lang/Object;)Z @ 23
Event: 11.903 Thread 0x000000000277e000 Uncommon trap: reason=speculate_class_check action=maybe_recompile pc=0x0000000002b45288 method=com.android.dx.util.FixedSizeList.equals(Ljava/lang/Object;)Z @ 25
Event: 11.903 Thread 0x000000000277e000 Uncommon trap: reason=speculate_class_check action=maybe_recompile pc=0x0000000002b45288 method=com.android.dx.util.FixedSizeList.equals(Ljava/lang/Object;)Z @ 25
Event: 12.289 Thread 0x000000000277e000 Uncommon trap: reason=unstable_if action=reinterpret pc=0x0000000002f961ec method=java.util.TreeMap.put(Ljava/lang/Object;Ljava/lang/Object;)Ljava/lang/Object; @ 163
Event: 13.011 Thread 0x000000000277e000 Uncommon trap: reason=unstable_if action=reinterpret pc=0x0000000003051864 method=java.util.ArrayList.<init>(I)V @ 5
Event: 13.116 Thread 0x000000000277e000 Uncommon trap: reason=unstable_if action=reinterpret pc=0x0000000002acf83c method=java.lang.Long.numberOfTrailingZeros(J)I @ 3
Event: 13.134 Thread 0x000000000277e000 Uncommon trap: reason=unstable_if action=reinterpret pc=0x00000000030ac804 method=com.android.dx.util.ByteArrayAnnotatedOutput.writeByte(I)V @ 13

Internal exceptions (7 events):
Event: 1.142 Thread 0x000000000277e000 Exception <a 'java/lang/NoSuchMethodError': Method sun.misc.Unsafe.defineClass(Ljava/lang/String;[BII)Ljava/lang/Class; name or signature does not match> (0x00000000eab0d5d0) thrown at [C:\re\workspace\8-2-build-windows-amd64-cygwin\jdk8u66\4988\hotspot\sruПDт?
Event: 1.142 Thread 0x000000000277e000 Exception <a 'java/lang/NoSuchMethodError': Method sun.misc.Unsafe.prefetchRead(Ljava/lang/Object;J)V name or signature does not match> (0x00000000eab0d8b8) thrown at [C:\re\workspace\8-2-build-windows-amd64-cygwin\jdk8u66\4988\hotspot\src\share\vm\prims\j*ку$ЕB
@
Event: 3.283 Thread 0x0000000016a03800 Implicit null exception at 0x0000000002c0b622 to 0x0000000002c0b71a
Event: 3.675 Thread 0x0000000016a03000 Implicit null exception at 0x0000000002a81476 to 0x0000000002a82d09
Event: 8.592 Thread 0x0000000016a03000 Implicit null exception at 0x0000000002df3d87 to 0x0000000002df5c3d
Event: 8.593 Thread 0x0000000016a03000 Implicit null exception at 0x0000000002d96d3e to 0x0000000002d9807d
Event: 8.593 Thread 0x0000000016a03000 Implicit null exception at 0x0000000002e54284 to 0x0000000002e55db9

Events (10 events):
Event: 13.116 Thread 0x000000000277e000 Uncommon trap: trap_request=0xffffff65 fr.pc=0x0000000002acf83c
Event: 13.116 Thread 0x000000000277e000 DEOPT PACKING pc=0x0000000002acf83c sp=0x000000000256eac0
Event: 13.116 Thread 0x000000000277e000 DEOPT UNPACKING pc=0x00000000027c582a sp=0x000000000256ea50 mode 2
Event: 13.127 loading class com/android/dx/dex/file/MapItem
Event: 13.127 loading class com/android/dx/dex/file/MapItem done
Event: 13.134 loading class com/android/dex/DexFormat
Event: 13.134 loading class com/android/dex/DexFormat done
Event: 13.134 Thread 0x000000000277e000 Uncommon trap: trap_request=0xffffff65 fr.pc=0x00000000030ac804
Event: 13.134 Thread 0x000000000277e000 DEOPT PACKING pc=0x00000000030ac804 sp=0x000000000256ec80
Event: 13.134 Thread 0x000000000277e000 DEOPT UNPACKING pc=0x00000000027c582a sp=0x000000000256ec38 mode 2


Dynamic libraries:
0x00007ff676280000 - 0x00007ff6762b7000 	C:\Program Files\Java\jdk1.8.0_66\bin\java.exe
0x00007ffb41e90000 - 0x00007ffb42051000 	C:\WINDOWS\SYSTEM32\ntdll.dll
0x00007ffb411d0000 - 0x00007ffb4127d000 	C:\WINDOWS\system32\KERNEL32.DLL
0x00007ffb3e600000 - 0x00007ffb3e7e8000 	C:\WINDOWS\system32\KERNELBASE.dll
0x00007ffb40ef0000 - 0x00007ffb40f97000 	C:\WINDOWS\system32\ADVAPI32.dll
0x00007ffb40fa0000 - 0x00007ffb4103d000 	C:\WINDOWS\system32\msvcrt.dll
0x00007ffb3f3c0000 - 0x00007ffb3f41b000 	C:\WINDOWS\system32\sechost.dll
0x00007ffb3f290000 - 0x00007ffb3f3ac000 	C:\WINDOWS\system32\RPCRT4.dll
0x00007ffb3f430000 - 0x00007ffb3f586000 	C:\WINDOWS\system32\USER32.dll
0x00007ffb41040000 - 0x00007ffb411c6000 	C:\WINDOWS\system32\GDI32.dll
0x00007ffb324e0000 - 0x00007ffb32754000 	C:\WINDOWS\WinSxS\amd64_microsoft.windows.common-controls_6595b64144ccf1df_6.0.10586.0_none_8c15ae12515e1c22\COMCTL32.dll
0x00007ffb41440000 - 0x00007ffb416bd000 	C:\WINDOWS\system32\combase.dll
0x00007ffb3e540000 - 0x00007ffb3e5aa000 	C:\WINDOWS\system32\bcryptPrimitives.dll
0x00007ffb23130000 - 0x00007ffb2365a000 	C:\Program Files\McAfee\DLP\Agent\fcagcbh64.dll
0x00000000006d0000 - 0x0000000000722000 	C:\WINDOWS\system32\SHLWAPI.dll
0x00007ffb41870000 - 0x00007ffb41878000 	C:\WINDOWS\system32\PSAPI.DLL
0x00007ffb41720000 - 0x00007ffb41863000 	C:\WINDOWS\system32\ole32.dll
0x00007ffb41280000 - 0x00007ffb412bb000 	C:\WINDOWS\system32\IMM32.DLL
0x00007ffb3d9a0000 - 0x00007ffb3d9d1000 	C:\WINDOWS\SYSTEM32\ntmarta.dll
0x00007ffb28b10000 - 0x00007ffb28bbc000 	C:\Program Files\McAfee\Endpoint Security\Threat Prevention\Ips\EpMPApi.dll
0x00007ffb3ef20000 - 0x00007ffb3ef75000 	C:\WINDOWS\system32\WINTRUST.dll
0x00007ffb3e4e0000 - 0x00007ffb3e4f0000 	C:\WINDOWS\system32\MSASN1.dll
0x00007ffb3ef80000 - 0x00007ffb3f147000 	C:\WINDOWS\system32\CRYPT32.dll
0x0000000069130000 - 0x000000006913b000 	C:\Program Files\McAfee\Endpoint Security\Threat Prevention\Ips\EpMPThe.dll
0x0000000068070000 - 0x0000000068142000 	C:\Program Files\Java\jdk1.8.0_66\jre\bin\msvcr100.dll
0x00000000684f0000 - 0x0000000068d79000 	C:\Program Files\Java\jdk1.8.0_66\jre\bin\server\jvm.dll
0x00007ffb3ca30000 - 0x00007ffb3ca53000 	C:\WINDOWS\SYSTEM32\WINMM.dll
0x00007ffb295b0000 - 0x00007ffb295b9000 	C:\WINDOWS\SYSTEM32\WSOCK32.dll
0x00007ffb3f920000 - 0x00007ffb3f98b000 	C:\WINDOWS\system32\WS2_32.dll
0x00007ffb30be0000 - 0x00007ffb30bea000 	C:\WINDOWS\SYSTEM32\VERSION.dll
0x00007ffb3ca00000 - 0x00007ffb3ca2c000 	C:\WINDOWS\SYSTEM32\winmmbase.dll
0x00007ffb3e5b0000 - 0x00007ffb3e5f3000 	C:\WINDOWS\system32\cfgmgr32.dll
0x00000000684e0000 - 0x00000000684ef000 	C:\Program Files\Java\jdk1.8.0_66\jre\bin\verify.dll
0x00000000684b0000 - 0x00000000684d9000 	C:\Program Files\Java\jdk1.8.0_66\jre\bin\java.dll
0x0000000068490000 - 0x00000000684a6000 	C:\Program Files\Java\jdk1.8.0_66\jre\bin\zip.dll
0x00007ffb3f990000 - 0x00007ffb40eec000 	C:\WINDOWS\system32\SHELL32.dll
0x00007ffb3e8d0000 - 0x00007ffb3ef15000 	C:\WINDOWS\system32\windows.storage.dll
0x00007ffb3e4b0000 - 0x00007ffb3e4bf000 	C:\WINDOWS\system32\kernel.appcore.dll
0x00000000026a0000 - 0x0000000002755000 	C:\WINDOWS\system32\shcore.dll
0x00007ffb3e4f0000 - 0x00007ffb3e53b000 	C:\WINDOWS\system32\powrprof.dll
0x00007ffb3e4c0000 - 0x00007ffb3e4d4000 	C:\WINDOWS\system32\profapi.dll

VM Arguments:
jvm_args: -Xmx1024M -Dfile.encoding=windows-1252 -Duser.country=US -Duser.language=en -Duser.variant 
java_command: com.android.dx.command.Main --dex --num-threads=4 --output C:\Users\oluwafemi.bamisaye\Documents\Android Projects\FitnessJournal\app\build\intermediates\pre-dexed\debug\classes-d414ad4719c442f51ac35df7f8cb30e68efcfbcc.jar C:\Users\oluwafemi.bamisaye\Documents\Android Projects\FitnessJournal\app\build\intermediates\exploded-aar\com.android.support\design\24.0.0-alpha1\jars\classes.jar
java_class_path (initial): C:\sdk\build-tools\23.0.3\lib\dx.jar
Launcher Type: SUN_STANDARD

Environment Variables:
PATH=C:\ProgramData\Oracle\Java\javapath;C:\Windows\system32;C:\Windows;C:\Windows\System32\Wbem;C:\Windows\System32\WindowsPowerShell\v1.0\;C:\adb;C:\Program Files\TortoiseSVN\bin;C:\Program Files (x86)\Windows Kits\8.1\Windows Performance Toolkit\;C:\Program Files\Microsoft SQL Server\110\Tools\Binn\;C:\Program Files (x86)\Skype\Phone\;C:\Program Files\Git\cmd;C:\WINDOWS\system32;C:\WINDOWS;C:\WINDOWS\System32\Wbem;C:\WINDOWS\System32\WindowsPowerShell\v1.0\;C:\Program Files (x86)\Microsoft SDKs\TypeScript\1.0\;C:\Program Files\Microsoft SQL Server\120\Tools\Binn\;C:\WINDOWS\system32\config\systemprofile\.dnx\bin;C:\Program Files\Microsoft DNX\Dnvm\
USERNAME=oluwafemi.bamisaye
OS=Windows_NT
PROCESSOR_IDENTIFIER=Intel64 Family 6 Model 60 Stepping 3, GenuineIntel



---------------  S Y S T E M  ---------------

OS: Windows 10.0 , 64 bit Build 10586 (10.0.10586.0)

CPU:total 4 (2 cores per cpu, 2 threads per core) family 6 model 60 stepping 3, cmov, cx8, fxsr, mmx, sse, sse2, sse3, ssse3, sse4.1, sse4.2, popcnt, avx, avx2, aes, clmul, erms, lzcnt, ht, tsc, tscinvbit, bmi1, bmi2

Memory: 4k page, physical 8291864k(603884k free), swap 16483864k(35360k free)

vm_info: Java HotSpot(TM) 64-Bit Server VM (25.66-b17) for windows-amd64 JRE (1.8.0_66-b17), built on Oct  6 2015 18:55:33 by "java_re" with MS VC++ 10.0 (VS2010)

time: Thu Apr 21 15:40:35 2016
elapsed time: 13 seconds (0d 0h 0m 13s)

